Determining if the Q_WS_WIN exist failed with the following output:
Change Dir: /home/alberto/projects/VolumeReconstructor/build/CMakeFiles/CMakeTmp

Run Build Command:/usr/bin/make "cmTryCompileExec1689327409/fast"
/usr/bin/make -f CMakeFiles/cmTryCompileExec1689327409.dir/build.make CMakeFiles/cmTryCompileExec1689327409.dir/build
make[1]: Entering directory '/home/alberto/projects/VolumeReconstructor/build/CMakeFiles/CMakeTmp'
/home/alberto/.biicode_env/cmake-2.8.12.2-Linux-i386/bin/cmake -E cmake_progress_report /home/alberto/projects/VolumeReconstructor/build/CMakeFiles/CMakeTmp/CMakeFiles 1
Building CXX object CMakeFiles/cmTryCompileExec1689327409.dir/CheckSymbolExists.cxx.o
/usr/bin/c++    -I/usr/include/qt4    -o CMakeFiles/cmTryCompileExec1689327409.dir/CheckSymbolExists.cxx.o -c /home/alberto/projects/VolumeReconstructor/build/CMakeFiles/CMakeTmp/CheckSymbolExists.cxx
/home/alberto/projects/VolumeReconstructor/build/CMakeFiles/CMakeTmp/CheckSymbolExists.cxx: In function ‘int main(int, char**)’:
/home/alberto/projects/VolumeReconstructor/build/CMakeFiles/CMakeTmp/CheckSymbolExists.cxx:8:19: error: ‘Q_WS_WIN’ was not declared in this scope
   return ((int*)(&Q_WS_WIN))[argc];
                   ^
CMakeFiles/cmTryCompileExec1689327409.dir/build.make:60: recipe for target 'CMakeFiles/cmTryCompileExec1689327409.dir/CheckSymbolExists.cxx.o' failed
make[1]: *** [CMakeFiles/cmTryCompileExec1689327409.dir/CheckSymbolExists.cxx.o] Error 1
make[1]: Leaving directory '/home/alberto/projects/VolumeReconstructor/build/CMakeFiles/CMakeTmp'
Makefile:117: recipe for target 'cmTryCompileExec1689327409/fast' failed
make: *** [cmTryCompileExec1689327409/fast] Error 2

File /home/alberto/projects/VolumeReconstructor/build/CMakeFiles/CMakeTmp/CheckSymbolExists.cxx:
/* */
#include <QtCore/qglobal.h>

int main(int argc, char** argv)
{
  (void)argv;
#ifndef Q_WS_WIN
  return ((int*)(&Q_WS_WIN))[argc];
#else
  (void)argc;
  return 0;
#endif
}

Determining if the Q_WS_QWS exist failed with the following output:
Change Dir: /home/alberto/projects/VolumeReconstructor/build/CMakeFiles/CMakeTmp

Run Build Command:/usr/bin/make "cmTryCompileExec826104241/fast"
/usr/bin/make -f CMakeFiles/cmTryCompileExec826104241.dir/build.make CMakeFiles/cmTryCompileExec826104241.dir/build
make[1]: Entering directory '/home/alberto/projects/VolumeReconstructor/build/CMakeFiles/CMakeTmp'
/home/alberto/.biicode_env/cmake-2.8.12.2-Linux-i386/bin/cmake -E cmake_progress_report /home/alberto/projects/VolumeReconstructor/build/CMakeFiles/CMakeTmp/CMakeFiles 1
Building CXX object CMakeFiles/cmTryCompileExec826104241.dir/CheckSymbolExists.cxx.o
/usr/bin/c++    -I/usr/include/qt4    -o CMakeFiles/cmTryCompileExec826104241.dir/CheckSymbolExists.cxx.o -c /home/alberto/projects/VolumeReconstructor/build/CMakeFiles/CMakeTmp/CheckSymbolExists.cxx
/home/alberto/projects/VolumeReconstructor/build/CMakeFiles/CMakeTmp/CheckSymbolExists.cxx: In function ‘int main(int, char**)’:
/home/alberto/projects/VolumeReconstructor/build/CMakeFiles/CMakeTmp/CheckSymbolExists.cxx:8:19: error: ‘Q_WS_QWS’ was not declared in this scope
   return ((int*)(&Q_WS_QWS))[argc];
                   ^
CMakeFiles/cmTryCompileExec826104241.dir/build.make:60: recipe for target 'CMakeFiles/cmTryCompileExec826104241.dir/CheckSymbolExists.cxx.o' failed
make[1]: Leaving directory '/home/alberto/projects/VolumeReconstructor/build/CMakeFiles/CMakeTmp'
make[1]: *** [CMakeFiles/cmTryCompileExec826104241.dir/CheckSymbolExists.cxx.o] Error 1
Makefile:117: recipe for target 'cmTryCompileExec826104241/fast' failed
make: *** [cmTryCompileExec826104241/fast] Error 2

File /home/alberto/projects/VolumeReconstructor/build/CMakeFiles/CMakeTmp/CheckSymbolExists.cxx:
/* */
#include <QtCore/qglobal.h>

int main(int argc, char** argv)
{
  (void)argv;
#ifndef Q_WS_QWS
  return ((int*)(&Q_WS_QWS))[argc];
#else
  (void)argc;
  return 0;
#endif
}

Determining if the Q_WS_MAC exist failed with the following output:
Change Dir: /home/alberto/projects/VolumeReconstructor/build/CMakeFiles/CMakeTmp

Run Build Command:/usr/bin/make "cmTryCompileExec235872696/fast"
/usr/bin/make -f CMakeFiles/cmTryCompileExec235872696.dir/build.make CMakeFiles/cmTryCompileExec235872696.dir/build
make[1]: Entering directory '/home/alberto/projects/VolumeReconstructor/build/CMakeFiles/CMakeTmp'
/home/alberto/.biicode_env/cmake-2.8.12.2-Linux-i386/bin/cmake -E cmake_progress_report /home/alberto/projects/VolumeReconstructor/build/CMakeFiles/CMakeTmp/CMakeFiles 1
Building CXX object CMakeFiles/cmTryCompileExec235872696.dir/CheckSymbolExists.cxx.o
/usr/bin/c++    -I/usr/include/qt4    -o CMakeFiles/cmTryCompileExec235872696.dir/CheckSymbolExists.cxx.o -c /home/alberto/projects/VolumeReconstructor/build/CMakeFiles/CMakeTmp/CheckSymbolExists.cxx
/home/alberto/projects/VolumeReconstructor/build/CMakeFiles/CMakeTmp/CheckSymbolExists.cxx: In function ‘int main(int, char**)’:
/home/alberto/projects/VolumeReconstructor/build/CMakeFiles/CMakeTmp/CheckSymbolExists.cxx:8:19: error: ‘Q_WS_MAC’ was not declared in this scope
   return ((int*)(&Q_WS_MAC))[argc];
                   ^
CMakeFiles/cmTryCompileExec235872696.dir/build.make:60: recipe for target 'CMakeFiles/cmTryCompileExec235872696.dir/CheckSymbolExists.cxx.o' failed
make[1]: *** [CMakeFiles/cmTryCompileExec235872696.dir/CheckSymbolExists.cxx.o] Error 1
make[1]: Leaving directory '/home/alberto/projects/VolumeReconstructor/build/CMakeFiles/CMakeTmp'
Makefile:117: recipe for target 'cmTryCompileExec235872696/fast' failed
make: *** [cmTryCompileExec235872696/fast] Error 2

File /home/alberto/projects/VolumeReconstructor/build/CMakeFiles/CMakeTmp/CheckSymbolExists.cxx:
/* */
#include <QtCore/qglobal.h>

int main(int argc, char** argv)
{
  (void)argv;
#ifndef Q_WS_MAC
  return ((int*)(&Q_WS_MAC))[argc];
#else
  (void)argc;
  return 0;
#endif
}

